<?xml version="1.0" encoding="UTF-8"?>
<testng-results skipped="1" failed="0" total="1" passed="0">
  <reporter-output>
  </reporter-output>
  <suite name="Default suite" duration-ms="34730" started-at="2021-01-25T04:55:33Z" finished-at="2021-01-25T04:56:07Z">
    <groups>
    </groups>
    <test name="Default test" duration-ms="34730" started-at="2021-01-25T04:55:33Z" finished-at="2021-01-25T04:56:07Z">
      <class name="com.hrishi.DemoFbTestng">
        <test-method status="PASS" signature="openbrowser()[pri:0, instance:com.hrishi.DemoFbTestng@6d00a15d]" name="openbrowser" is-config="true" duration-ms="5389" started-at="2021-01-25T10:25:27Z" finished-at="2021-01-25T10:25:33Z">
          <reporter-output>
          </reporter-output>
        </test-method> <!-- openbrowser -->
        <test-method status="PASS" signature="openappurl()[pri:0, instance:com.hrishi.DemoFbTestng@6d00a15d]" name="openappurl" is-config="true" duration-ms="2560" started-at="2021-01-25T10:25:33Z" finished-at="2021-01-25T10:25:35Z">
          <reporter-output>
          </reporter-output>
        </test-method> <!-- openappurl -->
        <test-method status="PASS" signature="appmaximize()[pri:0, instance:com.hrishi.DemoFbTestng@6d00a15d]" name="appmaximize" is-config="true" duration-ms="20038" started-at="2021-01-25T10:25:35Z" finished-at="2021-01-25T10:25:55Z">
          <reporter-output>
          </reporter-output>
        </test-method> <!-- appmaximize -->
        <test-method status="FAIL" signature="getcookies()[pri:0, instance:com.hrishi.DemoFbTestng@6d00a15d]" name="getcookies" is-config="true" duration-ms="0" started-at="2021-01-25T10:25:55Z" finished-at="2021-01-25T10:25:55Z">
          <exception class="org.openqa.selenium.WebDriverException">
            <message>
              <![CDATA[chrome not reachable
  (Session info: chrome=87.0.4280.141)
Build info: version: '3.141.59', revision: 'e82be7d358', time: '2018-11-14T08:25:53'
System info: host: 'DESKTOP-P1TMLVQ', ip: '192.168.43.83', os.name: 'Windows 10', os.arch: 'amd64', os.version: '10.0', java.version: '1.8.0_121'
Driver info: org.openqa.selenium.chrome.ChromeDriver
Capabilities {acceptInsecureCerts: false, browserName: chrome, browserVersion: 87.0.4280.141, chrome: {chromedriverVersion: 87.0.4280.88 (89e2380a3e36c..., userDataDir: C:\Users\hp\AppData\Local\T...}, goog:chromeOptions: {debuggerAddress: localhost:58197}, javascriptEnabled: true, networkConnectionEnabled: false, pageLoadStrategy: normal, platform: WINDOWS, platformName: WINDOWS, proxy: Proxy(), setWindowRect: true, strictFileInteractability: false, timeouts: {implicit: 0, pageLoad: 300000, script: 30000}, unhandledPromptBehavior: dismiss and notify, webauthn:virtualAuthenticators: true}
Session ID: 9f8e32a515f8f26819910a142f4b6981]]>
            </message>
            <full-stacktrace>
              <![CDATA[org.openqa.selenium.WebDriverException: chrome not reachable
  (Session info: chrome=87.0.4280.141)
Build info: version: '3.141.59', revision: 'e82be7d358', time: '2018-11-14T08:25:53'
System info: host: 'DESKTOP-P1TMLVQ', ip: '192.168.43.83', os.name: 'Windows 10', os.arch: 'amd64', os.version: '10.0', java.version: '1.8.0_121'
Driver info: org.openqa.selenium.chrome.ChromeDriver
Capabilities {acceptInsecureCerts: false, browserName: chrome, browserVersion: 87.0.4280.141, chrome: {chromedriverVersion: 87.0.4280.88 (89e2380a3e36c..., userDataDir: C:\Users\hp\AppData\Local\T...}, goog:chromeOptions: {debuggerAddress: localhost:58197}, javascriptEnabled: true, networkConnectionEnabled: false, pageLoadStrategy: normal, platform: WINDOWS, platformName: WINDOWS, proxy: Proxy(), setWindowRect: true, strictFileInteractability: false, timeouts: {implicit: 0, pageLoad: 300000, script: 30000}, unhandledPromptBehavior: dismiss and notify, webauthn:virtualAuthenticators: true}
Session ID: 9f8e32a515f8f26819910a142f4b6981
	at sun.reflect.NativeConstructorAccessorImpl.newInstance0(Native Method)
	at sun.reflect.NativeConstructorAccessorImpl.newInstance(Unknown Source)
	at sun.reflect.DelegatingConstructorAccessorImpl.newInstance(Unknown Source)
	at java.lang.reflect.Constructor.newInstance(Unknown Source)
	at org.openqa.selenium.remote.http.W3CHttpResponseCodec.createException(W3CHttpResponseCodec.java:187)
	at org.openqa.selenium.remote.http.W3CHttpResponseCodec.decode(W3CHttpResponseCodec.java:122)
	at org.openqa.selenium.remote.http.W3CHttpResponseCodec.decode(W3CHttpResponseCodec.java:49)
	at org.openqa.selenium.remote.HttpCommandExecutor.execute(HttpCommandExecutor.java:158)
	at org.openqa.selenium.remote.service.DriverCommandExecutor.execute(DriverCommandExecutor.java:83)
	at org.openqa.selenium.remote.RemoteWebDriver.execute(RemoteWebDriver.java:552)
	at org.openqa.selenium.remote.RemoteWebDriver.execute(RemoteWebDriver.java:609)
	at org.openqa.selenium.remote.RemoteWebDriver$RemoteWebDriverOptions.getCookies(RemoteWebDriver.java:699)
	at com.hrishi.DemoFbTestng.getcookies(DemoFbTestng.java:54)
	at sun.reflect.NativeMethodAccessorImpl.invoke0(Native Method)
	at sun.reflect.NativeMethodAccessorImpl.invoke(Unknown Source)
	at sun.reflect.DelegatingMethodAccessorImpl.invoke(Unknown Source)
	at java.lang.reflect.Method.invoke(Unknown Source)
	at org.testng.internal.MethodInvocationHelper.invokeMethod(MethodInvocationHelper.java:100)
	at org.testng.internal.Invoker.invokeConfigurationMethod(Invoker.java:515)
	at org.testng.internal.Invoker.invokeConfigurations(Invoker.java:216)
	at org.testng.internal.Invoker.invokeMethod(Invoker.java:590)
	at org.testng.internal.Invoker.invokeTestMethod(Invoker.java:811)
	at org.testng.internal.Invoker.invokeTestMethods(Invoker.java:1129)
	at org.testng.internal.TestMethodWorker.invokeTestMethods(TestMethodWorker.java:129)
	at org.testng.internal.TestMethodWorker.run(TestMethodWorker.java:112)
	at org.testng.TestRunner.privateRun(TestRunner.java:746)
	at org.testng.TestRunner.run(TestRunner.java:600)
	at org.testng.SuiteRunner.runTest(SuiteRunner.java:366)
	at org.testng.SuiteRunner.runSequentially(SuiteRunner.java:361)
	at org.testng.SuiteRunner.privateRun(SuiteRunner.java:319)
	at org.testng.SuiteRunner.run(SuiteRunner.java:268)
	at org.testng.SuiteRunnerWorker.runSuite(SuiteRunnerWorker.java:52)
	at org.testng.SuiteRunnerWorker.run(SuiteRunnerWorker.java:86)
	at org.testng.TestNG.runSuitesSequentially(TestNG.java:1264)
	at org.testng.TestNG.runSuitesLocally(TestNG.java:1189)
	at org.testng.TestNG.runSuites(TestNG.java:1104)
	at org.testng.TestNG.run(TestNG.java:1076)
	at org.testng.remote.AbstractRemoteTestNG.run(AbstractRemoteTestNG.java:126)
	at org.testng.remote.RemoteTestNG.initAndRun(RemoteTestNG.java:152)
	at org.testng.remote.RemoteTestNG.main(RemoteTestNG.java:57)
]]>
            </full-stacktrace>
          </exception> <!-- org.openqa.selenium.WebDriverException -->
          <reporter-output>
          </reporter-output>
        </test-method> <!-- getcookies -->
        <test-method status="SKIP" signature="signup()[pri:0, instance:com.hrishi.DemoFbTestng@6d00a15d]" name="signup" duration-ms="1" started-at="2021-01-25T10:26:07Z" finished-at="2021-01-25T10:26:07Z">
          <reporter-output>
          </reporter-output>
        </test-method> <!-- signup -->
        <test-method status="SKIP" signature="capturescreenshot()[pri:0, instance:com.hrishi.DemoFbTestng@6d00a15d]" name="capturescreenshot" is-config="true" duration-ms="0" started-at="2021-01-25T10:26:07Z" finished-at="2021-01-25T10:26:07Z">
          <reporter-output>
          </reporter-output>
        </test-method> <!-- capturescreenshot -->
        <test-method status="SKIP" signature="deletecookies()[pri:0, instance:com.hrishi.DemoFbTestng@6d00a15d]" name="deletecookies" is-config="true" duration-ms="0" started-at="2021-01-25T10:26:07Z" finished-at="2021-01-25T10:26:07Z">
          <reporter-output>
          </reporter-output>
        </test-method> <!-- deletecookies -->
        <test-method status="SKIP" signature="dbclose()[pri:0, instance:com.hrishi.DemoFbTestng@6d00a15d]" name="dbclose" is-config="true" duration-ms="0" started-at="2021-01-25T10:26:07Z" finished-at="2021-01-25T10:26:07Z">
          <reporter-output>
          </reporter-output>
        </test-method> <!-- dbclose -->
        <test-method status="SKIP" signature="closebrowser()[pri:0, instance:com.hrishi.DemoFbTestng@6d00a15d]" name="closebrowser" is-config="true" duration-ms="0" started-at="2021-01-25T10:26:07Z" finished-at="2021-01-25T10:26:07Z">
          <reporter-output>
          </reporter-output>
        </test-method> <!-- closebrowser -->
      </class> <!-- com.hrishi.DemoFbTestng -->
    </test> <!-- Default test -->
  </suite> <!-- Default suite -->
</testng-results>
