<?xml version="1.0" encoding="UTF-8"?>
<testng-results skipped="0" failed="0" total="2" passed="2">
  <reporter-output>
  </reporter-output>
  <suite name="Default suite" duration-ms="29228" started-at="2021-01-15T13:54:26Z" finished-at="2021-01-15T13:54:56Z">
    <groups>
    </groups>
    <test name="Default test" duration-ms="29228" started-at="2021-01-15T13:54:26Z" finished-at="2021-01-15T13:54:56Z">
      <class name="com.hrishi.MercurySignUp">
        <test-method status="PASS" signature="openbrowser()[pri:0, instance:com.hrishi.MercurySignUp@5034c75a]" name="openbrowser" is-config="true" duration-ms="4243" started-at="2021-01-15T19:24:22Z" finished-at="2021-01-15T19:24:26Z">
          <reporter-output>
          </reporter-output>
        </test-method> <!-- openbrowser -->
        <test-method status="PASS" signature="openappurl()[pri:0, instance:com.hrishi.MercurySignUp@5034c75a]" name="openappurl" is-config="true" duration-ms="7804" started-at="2021-01-15T19:24:26Z" finished-at="2021-01-15T19:24:34Z">
          <reporter-output>
          </reporter-output>
        </test-method> <!-- openappurl -->
        <test-method status="PASS" signature="appmaximize()[pri:0, instance:com.hrishi.MercurySignUp@5034c75a]" name="appmaximize" is-config="true" duration-ms="2134" started-at="2021-01-15T19:24:34Z" finished-at="2021-01-15T19:24:36Z">
          <reporter-output>
          </reporter-output>
        </test-method> <!-- appmaximize -->
        <test-method status="PASS" signature="getallcookies()[pri:0, instance:com.hrishi.MercurySignUp@5034c75a]" name="getallcookies" is-config="true" duration-ms="20" started-at="2021-01-15T19:24:36Z" finished-at="2021-01-15T19:24:36Z">
          <reporter-output>
          </reporter-output>
        </test-method> <!-- getallcookies -->
        <test-method status="PASS" signature="register(java.lang.String, java.lang.String, java.lang.String, java.lang.String, java.lang.String, java.lang.String, java.lang.String, java.lang.String, java.lang.String, java.lang.String, java.lang.String, java.lang.String)[pri:0, instance:com.hrishi.MercurySignUp@5034c75a]" name="register" duration-ms="8918" started-at="2021-01-15T19:24:36Z" data-provider="getdata" finished-at="2021-01-15T19:24:45Z">
          <params>
            <param index="0">
              <value>
                <![CDATA[Hrishi]]>
              </value>
            </param>
            <param index="1">
              <value>
                <![CDATA[Dhote]]>
              </value>
            </param>
            <param index="2">
              <value>
                <![CDATA[111111]]>
              </value>
            </param>
            <param index="3">
              <value>
                <![CDATA[abc@123]]>
              </value>
            </param>
            <param index="4">
              <value>
                <![CDATA[wardha]]>
              </value>
            </param>
            <param index="5">
              <value>
                <![CDATA[Wardha]]>
              </value>
            </param>
            <param index="6">
              <value>
                <![CDATA[mah]]>
              </value>
            </param>
            <param index="7">
              <value>
                <![CDATA[442001]]>
              </value>
            </param>
            <param index="8">
              <value>
                <![CDATA[I]]>
              </value>
            </param>
            <param index="9">
              <value>
                <![CDATA[SSSS]]>
              </value>
            </param>
            <param index="10">
              <value>
                <![CDATA[ssss]]>
              </value>
            </param>
            <param index="11">
              <value>
                <![CDATA[ssss]]>
              </value>
            </param>
          </params>
          <reporter-output>
          </reporter-output>
        </test-method> <!-- register -->
        <test-method status="PASS" signature="capturescreenshot()[pri:0, instance:com.hrishi.MercurySignUp@5034c75a]" name="capturescreenshot" is-config="true" duration-ms="456" started-at="2021-01-15T19:24:45Z" finished-at="2021-01-15T19:24:46Z">
          <reporter-output>
          </reporter-output>
        </test-method> <!-- capturescreenshot -->
        <test-method status="PASS" signature="getallcookies()[pri:0, instance:com.hrishi.MercurySignUp@5034c75a]" name="getallcookies" is-config="true" duration-ms="15" started-at="2021-01-15T19:24:46Z" finished-at="2021-01-15T19:24:46Z">
          <reporter-output>
          </reporter-output>
        </test-method> <!-- getallcookies -->
        <test-method status="PASS" signature="register(java.lang.String, java.lang.String, java.lang.String, java.lang.String, java.lang.String, java.lang.String, java.lang.String, java.lang.String, java.lang.String, java.lang.String, java.lang.String, java.lang.String)[pri:0, instance:com.hrishi.MercurySignUp@5034c75a]" name="register" duration-ms="8698" started-at="2021-01-15T19:24:46Z" data-provider="getdata" finished-at="2021-01-15T19:24:54Z">
          <params>
            <param index="0">
              <value>
                <![CDATA[Jimmy]]>
              </value>
            </param>
            <param index="1">
              <value>
                <![CDATA[Dhote]]>
              </value>
            </param>
            <param index="2">
              <value>
                <![CDATA[22222]]>
              </value>
            </param>
            <param index="3">
              <value>
                <![CDATA[abc@1234]]>
              </value>
            </param>
            <param index="4">
              <value>
                <![CDATA[wardha]]>
              </value>
            </param>
            <param index="5">
              <value>
                <![CDATA[Wardha]]>
              </value>
            </param>
            <param index="6">
              <value>
                <![CDATA[mah]]>
              </value>
            </param>
            <param index="7">
              <value>
                <![CDATA[442001]]>
              </value>
            </param>
            <param index="8">
              <value>
                <![CDATA[I]]>
              </value>
            </param>
            <param index="9">
              <value>
                <![CDATA[HHHH]]>
              </value>
            </param>
            <param index="10">
              <value>
                <![CDATA[hhhh]]>
              </value>
            </param>
            <param index="11">
              <value>
                <![CDATA[hhhh]]>
              </value>
            </param>
          </params>
          <reporter-output>
          </reporter-output>
        </test-method> <!-- register -->
        <test-method status="PASS" signature="capturescreenshot()[pri:0, instance:com.hrishi.MercurySignUp@5034c75a]" name="capturescreenshot" is-config="true" duration-ms="356" started-at="2021-01-15T19:24:54Z" finished-at="2021-01-15T19:24:55Z">
          <reporter-output>
          </reporter-output>
        </test-method> <!-- capturescreenshot -->
        <test-method status="PASS" signature="deletecookies()[pri:0, instance:com.hrishi.MercurySignUp@5034c75a]" name="deletecookies" is-config="true" duration-ms="649" started-at="2021-01-15T19:24:55Z" finished-at="2021-01-15T19:24:55Z">
          <reporter-output>
          </reporter-output>
        </test-method> <!-- deletecookies -->
        <test-method status="PASS" signature="dbclose()[pri:0, instance:com.hrishi.MercurySignUp@5034c75a]" name="dbclose" is-config="true" duration-ms="133" started-at="2021-01-15T19:24:55Z" finished-at="2021-01-15T19:24:56Z">
          <reporter-output>
          </reporter-output>
        </test-method> <!-- dbclose -->
        <test-method status="PASS" signature="closebrowser()[pri:0, instance:com.hrishi.MercurySignUp@5034c75a]" name="closebrowser" is-config="true" duration-ms="593" started-at="2021-01-15T19:24:56Z" finished-at="2021-01-15T19:24:56Z">
          <reporter-output>
          </reporter-output>
        </test-method> <!-- closebrowser -->
      </class> <!-- com.hrishi.MercurySignUp -->
    </test> <!-- Default test -->
  </suite> <!-- Default suite -->
</testng-results>
